<?xml version="1.0" encoding="UTF-8"?>
<!-- Generated by org.testng.reporters.JUnitReportReporter -->
<testsuite hostname="LAPTOP-NEO5FTIU" failures="0" tests="1" name="com.test.demo" time="9.334" errors="0" timestamp="2021-11-29T21:32:51 EST" skipped="0">
  <testcase classname="com.test.demo" name="searchFunction" time="9.334"/>
  <system-out/>
</testsuite> <!-- com.test.demo -->
