<?xml version="1.0" encoding="UTF-8"?>
<!-- Generated by org.testng.reporters.JUnitReportReporter -->
<testsuite hostname="LAPTOP-NEO5FTIU" failures="0" tests="3" name="com.test.assignment" time="32.664" errors="0" timestamp="2021-12-02T18:20:29 EST" skipped="0">
  <testcase classname="com.test.assignment" name="FacebookLogin" time="8.108"/>
  <system-out/>
  <testcase classname="com.test.assignment" name="forgotpassword" time="8.706"/>
  <system-out/>
  <testcase classname="com.test.assignment" name="createAccount" time="15.850"/>
  <system-out/>
</testsuite> <!-- com.test.assignment -->
