<?xml version="1.0" encoding="UTF-8"?>
<!-- Generated by org.testng.reporters.JUnitReportReporter -->
<testsuite hostname="LAPTOP-NEO5FTIU" failures="0" tests="4" name="com.test.test" time="24.352" errors="0" timestamp="2021-11-29T21:53:03 EST" skipped="0">
  <testcase classname="com.test.test" name="IsSelected" time="6.391"/>
  <system-out/>
  <testcase classname="com.test.test" name="login" time="6.097"/>
  <system-out/>
  <testcase classname="com.test.test" name="GetTittle" time="5.909"/>
  <system-out/>
  <testcase classname="com.test.test" name="isDisplayed" time="5.955"/>
  <system-out/>
</testsuite> <!-- com.test.test -->
